2024-09-21T22:40:04.287Z - info: [ui] [AppStore] loading 0 repositories from store
2024-09-21T22:40:04.314Z - info: [ui] [Welcome] no sign in step found. ignoring...
2024-09-21T22:40:04.325Z - info: [ui] [Welcome] no sign in step found. ignoring...
2024-09-21T22:40:04.327Z - info: [ui] launching: 3.4.3-linux1 (Linux 6.10.10-arch1-1)
2024-09-21T22:40:04.328Z - info: [ui] execPath: '/opt/github-desktop/github-desktop'
2024-09-21T22:40:04.355Z - info: [ui] [Welcome] no sign in step found. ignoring...
2024-09-21T22:40:04.384Z - info: [ui] [Welcome] no sign in step found. ignoring...
2024-09-21T22:40:04.510Z - info: [ui] [Welcome] no sign in step found. ignoring...
2024-09-21T22:40:04.602Z - info: [ui] Opt in reported.
2024-09-21T22:40:06.583Z - info: [ui] [Welcome] advancing to step: SignInToDotComWithBrowser
2024-09-21T22:40:06.584Z - info: [ui] [SignInStore] initializing OAuth flow
2024-09-21T22:40:06.587Z - info: [main] opening in browser: https://github.com/login/oauth/authorize?client_id=3a723b10ac5575cc5bb9&scope=repo%20user%20workflow&state=306c1cc8-d8bf-4fcc-b712-9dbd9e3b9754
2024-09-21T22:40:06.588Z - info: [ui] [SignInStore] account resolved
2024-09-21T22:40:06.588Z - info: [ui] [Welcome] current sign in state not found. ignoring...
2024-09-21T22:40:10.230Z - info: [ui] [Welcome] kind Authentication is the same as Authentication. ignoring...
2024-09-21T22:40:22.043Z - info: [main] Received possible protocol arguments: 3
2024-09-21T22:40:22.044Z - info: [main] Processing protocol url
2024-09-21T22:40:22.045Z - info: [ui] [Welcome] kind Authentication is the same as Authentication. ignoring...
2024-09-21T22:40:22.091Z - info: [main] Received possible protocol arguments: 2
2024-09-21T22:40:22.095Z - info: [main] Processing protocol url
2024-09-21T22:40:23.179Z - info: [ui] [AppStore] adding account lele394 (lele394) to store
2024-09-21T22:40:23.180Z - info: [ui] [Welcome] advancing to step: ConfigureGit
2024-09-21T22:40:23.215Z - info: [ui] [Welcome] no sign in step found. ignoring...
2024-09-21T22:40:25.292Z - info: [ui] [Welcome] no sign in step found. ignoring...
2024-09-21T22:40:38.521Z - info: [ui] [Welcome] no sign in step found. ignoring...
2024-09-21T22:40:38.930Z - info: [ui] Subscribed 'lele394' to Alive channel
2024-09-21T22:40:39.305Z - info: [ui] [Welcome] no sign in step found. ignoring...
2024-09-21T22:41:26.763Z - info: [ui] [AppStore] adding repository at /home/leo/.config to store
2024-09-21T22:41:27.527Z - info: [ui] [BranchPruner] No branches to prune.
2024-09-21T22:42:01.504Z - info: [ui] [Timing] Action 'create commit' for 'lele394/.config' took 0.140s
2024-09-21T22:42:11.299Z - info: [ui] credential-helper: found GitHub credential for https://github.com/ in store
2024-09-21T22:42:13.061Z - info: [ui] Executing push: git push origin main --set-upstream --progress (took 2.096s)
2024-09-21T22:42:18.201Z - info: [ui] [RepositoryIndicatorUpdater]: Refreshing sidebar indicators for 1 repositories took 0.0s of which 0.0s paused, total 0.0s
2024-09-21T23:41:36.139Z - info: [ui] [AppStore] loading 1 repositories from store
2024-09-21T23:41:36.145Z - info: [ui] [AppStore] found account: lele394 (lele394)
2024-09-21T23:41:36.177Z - info: [ui] [BranchPruner] Last prune took place 1 hour ago - skipping
2024-09-21T23:41:36.737Z - warn: [ui] Error refreshing account 'lele394'
Error: Cannot update an account which doesn't have a token: lele394
    at lt (/home/leo/webpack:/app/src/lib/fatal-error.ts:3:9)
    at /home/leo/webpack:/app/src/lib/stores/accounts-store.ts:216:12
    at Hp.tryUpdateAccount (/home/leo/webpack:/app/src/lib/stores/accounts-store.ts:135:20)
    at /home/leo/webpack:/app/src/lib/stores/accounts-store.ts:115:37
    at Array.map (<anonymous>)
    at Hp.refresh (/home/leo/webpack:/app/src/lib/stores/accounts-store.ts:115:21)
    at Hp.loadInitialState (/home/leo/webpack:/app/src/lib/stores/app-store.ts:2288:24)
2024-09-21T23:41:37.170Z - warn: [ui] Alive channel request failed: Error: Not Found
2024-09-21T23:41:37.225Z - info: [ui] launching: 3.4.3-linux1 (Linux 6.10.10-arch1-1)
2024-09-21T23:41:37.226Z - info: [ui] execPath: '/opt/github-desktop/github-desktop'
2024-09-21T23:41:37.256Z - warn: [ui] Alive channel request failed: Error: Not Found
2024-09-21T23:41:37.279Z - warn: [ui] Alive channel request failed: Error: Not Found
2024-09-21T23:41:37.310Z - warn: [ui] Alive channel request failed: Error: Not Found
2024-09-21T23:41:37.627Z - info: [ui] Stats reported.
2024-09-21T23:41:51.408Z - info: [ui] [Timing] Action 'create commit' for 'lele394/.config' took 0.131s
2024-09-21T23:41:54.569Z - info: [ui] credential-helper: found GitHub credential for https://github.com/ in store
2024-09-21T23:42:09.547Z - info: [ui] credential-helper: found GitHub credential for https://github.com/ in store
2024-09-21T23:42:19.968Z - info: [ui] [AppStore] removing account lele394 (lele394) from store
2024-09-21T23:42:22.619Z - info: [ui] [SignInStore] initializing OAuth flow
2024-09-21T23:42:22.624Z - info: [main] opening in browser: https://github.com/login/oauth/authorize?client_id=3a723b10ac5575cc5bb9&scope=repo%20user%20workflow&state=b16ffebc-efba-4d0b-8851-956dff5b9100
2024-09-21T23:42:22.624Z - info: [ui] [SignInStore] account resolved
2024-09-21T23:42:28.814Z - info: [main] Received possible protocol arguments: 3
2024-09-21T23:42:28.815Z - info: [main] Processing protocol url
2024-09-21T23:42:28.865Z - info: [main] Received possible protocol arguments: 2
2024-09-21T23:42:28.870Z - info: [main] Processing protocol url
2024-09-21T23:42:29.929Z - info: [ui] [AppStore] adding account lele394 (lele394) to store
2024-09-21T23:42:38.224Z - info: [ui] Subscribed 'lele394' to Alive channel
2024-09-21T23:42:40.124Z - info: [ui] credential-helper: found GitHub credential for https://github.com/ in store
2024-09-21T23:42:41.020Z - info: [ui] Executing push: git push origin main:main --progress (took 1.220s)
2024-09-21T23:42:51.546Z - info: [ui] [Timing] Action 'create commit' for 'lele394/.config' took 0.127s
